[debug] [2026-01-11T05:29:29.497Z] ----------------------------------------------------------------------
[debug] [2026-01-11T05:29:29.500Z] Command:       C:\nvm4w\nodejs\node.exe C:\nvm4w\nodejs\node_modules\firebase-tools\lib\bin\firebase.js deploy --only functions:sendInvitationEmail functions:checkPendingInvitations
[debug] [2026-01-11T05:29:29.501Z] CLI Version:   15.1.0
[debug] [2026-01-11T05:29:29.501Z] Platform:      win32
[debug] [2026-01-11T05:29:29.501Z] Node Version:  v20.19.5
[debug] [2026-01-11T05:29:29.501Z] Time:          Sat Jan 10 2026 23:29:29 GMT-0600 (Central Standard Time)
[debug] [2026-01-11T05:29:29.501Z] ----------------------------------------------------------------------
[debug] 
[debug] [2026-01-11T05:29:30.720Z] > command requires scopes: ["email","openid","https://www.googleapis.com/auth/cloudplatformprojects.readonly","https://www.googleapis.com/auth/firebase","https://www.googleapis.com/auth/cloud-platform"]
[debug] [2026-01-11T05:29:30.720Z] > authorizing via signed-in user (kelvin.odoemene@gmail.com)
[debug] [2026-01-11T05:29:30.720Z] [iam] checking project konnectedroots-u5xtb for permissions ["cloudfunctions.functions.create","cloudfunctions.functions.delete","cloudfunctions.functions.get","cloudfunctions.functions.list","cloudfunctions.functions.update","cloudfunctions.operations.get","firebase.projects.get"]
[debug] [2026-01-11T05:29:30.722Z] Checked if tokens are valid: true, expires at: 1768112023775
[debug] [2026-01-11T05:29:30.722Z] Checked if tokens are valid: true, expires at: 1768112023775
[debug] [2026-01-11T05:29:30.723Z] >>> [apiv2][query] POST https://cloudresourcemanager.googleapis.com/v1/projects/konnectedroots-u5xtb:testIamPermissions [none]
[debug] [2026-01-11T05:29:30.724Z] >>> [apiv2][(partial)header] POST https://cloudresourcemanager.googleapis.com/v1/projects/konnectedroots-u5xtb:testIamPermissions x-goog-quota-user=projects/konnectedroots-u5xtb
[debug] [2026-01-11T05:29:30.724Z] >>> [apiv2][body] POST https://cloudresourcemanager.googleapis.com/v1/projects/konnectedroots-u5xtb:testIamPermissions {"permissions":["cloudfunctions.functions.create","cloudfunctions.functions.delete","cloudfunctions.functions.get","cloudfunctions.functions.list","cloudfunctions.functions.update","cloudfunctions.operations.get","firebase.projects.get"]}
[debug] [2026-01-11T05:29:30.967Z] <<< [apiv2][status] POST https://cloudresourcemanager.googleapis.com/v1/projects/konnectedroots-u5xtb:testIamPermissions 200
[debug] [2026-01-11T05:29:30.967Z] <<< [apiv2][body] POST https://cloudresourcemanager.googleapis.com/v1/projects/konnectedroots-u5xtb:testIamPermissions {"permissions":["cloudfunctions.functions.create","cloudfunctions.functions.delete","cloudfunctions.functions.get","cloudfunctions.functions.list","cloudfunctions.functions.update","cloudfunctions.operations.get","firebase.projects.get"]}
[debug] [2026-01-11T05:29:30.968Z] Checked if tokens are valid: true, expires at: 1768112023775
[debug] [2026-01-11T05:29:30.968Z] Checked if tokens are valid: true, expires at: 1768112023775
[debug] [2026-01-11T05:29:30.968Z] >>> [apiv2][query] POST https://iam.googleapis.com/v1/projects/konnectedroots-u5xtb/serviceAccounts/konnectedroots-u5xtb@appspot.gserviceaccount.com:testIamPermissions [none]
[debug] [2026-01-11T05:29:30.968Z] >>> [apiv2][body] POST https://iam.googleapis.com/v1/projects/konnectedroots-u5xtb/serviceAccounts/konnectedroots-u5xtb@appspot.gserviceaccount.com:testIamPermissions {"permissions":["iam.serviceAccounts.actAs"]}
[debug] [2026-01-11T05:29:31.185Z] <<< [apiv2][status] POST https://iam.googleapis.com/v1/projects/konnectedroots-u5xtb/serviceAccounts/konnectedroots-u5xtb@appspot.gserviceaccount.com:testIamPermissions 200
[debug] [2026-01-11T05:29:31.185Z] <<< [apiv2][body] POST https://iam.googleapis.com/v1/projects/konnectedroots-u5xtb/serviceAccounts/konnectedroots-u5xtb@appspot.gserviceaccount.com:testIamPermissions {"permissions":["iam.serviceAccounts.actAs"]}
[info] 
[info] === Deploying to 'konnectedroots-u5xtb'...
[info] 
[info] i  deploying functions 
[debug] [2026-01-11T05:29:31.189Z] Checked if tokens are valid: true, expires at: 1768112023775
[debug] [2026-01-11T05:29:31.189Z] Checked if tokens are valid: true, expires at: 1768112023775
[debug] [2026-01-11T05:29:31.189Z] >>> [apiv2][query] GET https://cloudresourcemanager.googleapis.com/v1/projects/konnectedroots-u5xtb [none]
[debug] [2026-01-11T05:29:31.297Z] <<< [apiv2][status] GET https://cloudresourcemanager.googleapis.com/v1/projects/konnectedroots-u5xtb 200
[debug] [2026-01-11T05:29:31.297Z] <<< [apiv2][body] GET https://cloudresourcemanager.googleapis.com/v1/projects/konnectedroots-u5xtb {"projectNumber":"685972123872","projectId":"konnectedroots-u5xtb","lifecycleState":"ACTIVE","name":"KonnectedRoots","labels":{"monospace-workspace-id":"studio-9598802714","firebase":"enabled","firebase-core":"disabled"},"createTime":"2025-06-10T04:19:13.877394Z"}
[error] 
[error] Error: No function matches given --only filters. Aborting deployment.
[debug] [2026-01-11T05:29:31.559Z] Error: EBUSY: resource busy or locked, unlink 'C:\Users\techi\APPs\KonnectedRoots\functions\firebase-debug.log'
    at Object.unlinkSync (node:fs:1886:11)
    at process.<anonymous> (C:\Users\techi\AppData\Local\nvm\v20.19.5\node_modules\firebase-tools\lib\bin\cli.js:44:16)
    at process.emit (node:events:536:35)
    at process.exit (node:internal/process/per_thread:184:15)
    at Timeout._onTimeout (C:\Users\techi\AppData\Local\nvm\v20.19.5\node_modules\firebase-tools\lib\errorOut.js:20:17)
    at listOnTimeout (node:internal/timers:581:17)
    at process.processTimers (node:internal/timers:519:7)
[error] 
[error] Error: An unexpected error has occurred.
